<?xml version="1.0" encoding="UTF-8"?>
<robot generator="Robot 6.0.2 (Python 3.10.0 on win32)" generated="20240312 12:33:08.400" rpa="false" schemaversion="3">
<suite id="s1" name="Productor" source="C:\Productor">
<suite id="s1-s1" name="Testcase" source="C:\Productor\Testcase">
<suite id="s1-s1-s1" name="Product Roadmap" source="C:\Productor\Testcase\Product Roadmap">
<suite id="s1-s1-s1-s1" name="Product Roadmap" source="C:\Productor\Testcase\Product Roadmap\Product_Roadmap.robot">
<test id="s1-s1-s1-s1-t1" name="Roadmap" line="9">
<kw name="Given Login into application" library="Product_Roadmap_Support">
<arg>${username001}</arg>
<kw name="Verify an application should be opened" library="Product_Roadmap_Support">
<arg>${username}</arg>
<kw name="Login Application" library="Login">
<arg>${username}</arg>
<doc>Using this keyword we can login Productor Application.</doc>
<kw name="Get File" library="OperatingSystem">
<var>${json_data}</var>
<arg>Data/password.json</arg>
<doc>Returns the contents of a specified file.</doc>
<msg timestamp="20240312 12:33:08.860" level="INFO" html="true">Getting file '&lt;a href="file://C:\Productor\Data\password.json"&gt;C:\Productor\Data\password.json&lt;/a&gt;'.</msg>
<msg timestamp="20240312 12:33:08.861" level="INFO">${json_data} = {
    "Tparthi@valuefactors.io": "gAAAAABlrkVsEdFMiMlTdK5zUdkIrh2gW0m7VKitqu1yc05zjvhEtgtLf1WAMAOHRJpwgI8mhU9rPO9To7wrVhBmzNtn6JJSqg==",
    "neeraj@codebyte.solutions": "gAAAAABlvf_wHd_s-rfaDVYJP09Sz...</msg>
<status status="PASS" starttime="20240312 12:33:08.860" endtime="20240312 12:33:08.861"/>
</kw>
<kw name="Evaluate" library="BuiltIn">
<var>${object}</var>
<arg>json.loads('''${json_data}''')</arg>
<arg>json</arg>
<doc>Evaluates the given expression in Python and returns the result.</doc>
<msg timestamp="20240312 12:33:08.861" level="INFO">${object} = {'Tparthi@valuefactors.io': 'gAAAAABlrkVsEdFMiMlTdK5zUdkIrh2gW0m7VKitqu1yc05zjvhEtgtLf1WAMAOHRJpwgI8mhU9rPO9To7wrVhBmzNtn6JJSqg==', 'neeraj@codebyte.solutions': 'gAAAAABlvf_wHd_s-rfaDVYJP09SzZmO4H8t5J...</msg>
<status status="PASS" starttime="20240312 12:33:08.861" endtime="20240312 12:33:08.861"/>
</kw>
<kw name="Set Variable" library="BuiltIn">
<var>${encry}</var>
<arg>${object['${username}']}</arg>
<doc>Returns the given values which can then be assigned to a variables.</doc>
<msg timestamp="20240312 12:33:08.865" level="INFO">${encry} = gAAAAABlrkVsEdFMiMlTdK5zUdkIrh2gW0m7VKitqu1yc05zjvhEtgtLf1WAMAOHRJpwgI8mhU9rPO9To7wrVhBmzNtn6JJSqg==</msg>
<status status="PASS" starttime="20240312 12:33:08.861" endtime="20240312 12:33:08.865"/>
</kw>
<kw name="Evaluate" library="BuiltIn">
<var>${options}</var>
<arg>sys.modules['selenium.webdriver'].EdgeOptions()</arg>
<arg>sys,selenium.webdriver</arg>
<doc>Evaluates the given expression in Python and returns the result.</doc>
<msg timestamp="20240312 12:33:08.866" level="INFO">${options} = &lt;selenium.webdriver.edge.options.Options object at 0x00000212CB10E3B0&gt;</msg>
<status status="PASS" starttime="20240312 12:33:08.865" endtime="20240312 12:33:08.866"/>
</kw>
<kw name="Call Method" library="BuiltIn">
<arg>${options}</arg>
<arg>add_argument</arg>
<arg>inprivate</arg>
<doc>Calls the named method of the given object with the provided arguments.</doc>
<status status="PASS" starttime="20240312 12:33:08.866" endtime="20240312 12:33:08.866"/>
</kw>
<kw name="Call Method" library="BuiltIn">
<arg>${options}</arg>
<arg>add_argument</arg>
<arg>--headless</arg>
<doc>Calls the named method of the given object with the provided arguments.</doc>
<status status="PASS" starttime="20240312 12:33:08.866" endtime="20240312 12:33:08.866"/>
</kw>
<kw name="Create Webdriver" library="SeleniumLibrary">
<var>${driver}</var>
<arg>Edge</arg>
<arg>options=${options}</arg>
<doc>Creates an instance of Selenium WebDriver.</doc>
<msg timestamp="20240312 12:33:08.867" level="INFO">Creating an instance of the Edge WebDriver.</msg>
<msg timestamp="20240312 12:33:08.874" level="INFO">Applicable driver not found; attempting to install with Selenium Manager (Beta)</msg>
<msg timestamp="20240312 12:33:10.272" level="INFO">${driver} = 1</msg>
<status status="PASS" starttime="20240312 12:33:08.866" endtime="20240312 12:33:10.272"/>
</kw>
<kw name="Set Window Size" library="SeleniumLibrary">
<arg>1920</arg>
<arg>1080</arg>
<doc>Sets current windows size to given ``width`` and ``height``.</doc>
<status status="PASS" starttime="20240312 12:33:10.272" endtime="20240312 12:33:10.402"/>
</kw>
<kw name="Go To" library="SeleniumLibrary">
<arg>${Productor_Url}</arg>
<doc>Navigates the current browser window to the provided ``url``.</doc>
<msg timestamp="20240312 12:33:10.402" level="INFO">Opening url 'https://predev-productor.valuefactors.io/auth/login/'</msg>
<status status="PASS" starttime="20240312 12:33:10.402" endtime="20240312 12:33:21.403"/>
</kw>
<kw name="Maximize Browser Window" library="SeleniumLibrary">
<doc>Maximizes current browser window.</doc>
<status status="PASS" starttime="20240312 12:33:21.403" endtime="20240312 12:33:21.524"/>
</kw>
<kw name="Set Selenium Speed" library="SeleniumLibrary">
<arg>700milliseconds</arg>
<doc>Sets the delay that is waited after each Selenium command.</doc>
<status status="PASS" starttime="20240312 12:33:21.524" endtime="20240312 12:33:21.525"/>
</kw>
<kw name="Wait Until Page Contains Element" library="SeleniumLibrary">
<arg>${Input_Username}</arg>
<arg>50</arg>
<doc>Waits until the element ``locator`` appears on the current page.</doc>
<status status="PASS" starttime="20240312 12:33:21.525" endtime="20240312 12:33:22.250"/>
</kw>
<kw name="Press Keys" library="SeleniumLibrary">
<arg>${Input_Username}</arg>
<arg>${username}</arg>
<doc>Simulates the user pressing key(s) to an element or on the active browser.</doc>
<msg timestamp="20240312 12:33:22.251" level="INFO">Sending key(s) ('Tparthi@valuefactors.io',) to //input[@id="auth-email-id"] element.</msg>
<msg timestamp="20240312 12:33:23.969" level="INFO">Sending keys Tparthi@valuefactors.io</msg>
<status status="PASS" starttime="20240312 12:33:22.250" endtime="20240312 12:33:24.794"/>
</kw>
<kw name="Use Encryption Key">
<arg>${public_key}</arg>
<msg timestamp="20240312 12:33:24.803" level="FAIL">No keyword with name 'Use Encryption Key' found.</msg>
<status status="FAIL" starttime="20240312 12:33:24.802" endtime="20240312 12:33:24.803"/>
</kw>
<kw name="Decrypt String">
<var>${Decry}</var>
<arg>${encry}</arg>
<status status="NOT RUN" starttime="20240312 12:33:24.809" endtime="20240312 12:33:24.809"/>
</kw>
<kw name="Log" library="BuiltIn">
<arg>${Decry}</arg>
<doc>Logs the given message with the given level.</doc>
<status status="NOT RUN" starttime="20240312 12:33:24.810" endtime="20240312 12:33:24.810"/>
</kw>
<kw name="Press Keys" library="SeleniumLibrary">
<arg>${Input_Password}</arg>
<arg>${Decry}</arg>
<doc>Simulates the user pressing key(s) to an element or on the active browser.</doc>
<status status="NOT RUN" starttime="20240312 12:33:24.810" endtime="20240312 12:33:24.810"/>
</kw>
<kw name="Wait Until Element is present then click the element" library="common_1">
<arg>${BTN_Login}</arg>
<doc>Using this keyword we can perform click Element</doc>
<status status="NOT RUN" starttime="20240312 12:33:24.810" endtime="20240312 12:33:24.810"/>
</kw>
<status status="FAIL" starttime="20240312 12:33:08.860" endtime="20240312 12:33:24.810"/>
</kw>
<status status="FAIL" starttime="20240312 12:33:08.859" endtime="20240312 12:33:24.810"/>
</kw>
<status status="FAIL" starttime="20240312 12:33:08.858" endtime="20240312 12:33:24.810"/>
</kw>
<kw name="When Click on Portfolio Management tab and navigate to Portfolio" library="Product_Roadmap_Support">
<status status="NOT RUN" starttime="20240312 12:33:24.811" endtime="20240312 12:33:24.811"/>
</kw>
<kw name="Then Then click on PPG Tab and navigate to PPG" library="Product_Roadmap_Support">
<status status="NOT RUN" starttime="20240312 12:33:24.811" endtime="20240312 12:33:24.811"/>
</kw>
<kw name="Then Then click on product/platform tab and nagivate to Product" library="Product_Roadmap_Support">
<status status="NOT RUN" starttime="20240312 12:33:24.811" endtime="20240312 12:33:24.811"/>
</kw>
<kw name="Then Then Click on Roadmap tab" library="Product_Roadmap_Support">
<status status="NOT RUN" starttime="20240312 12:33:24.811" endtime="20240312 12:33:24.811"/>
</kw>
<kw name="Then Click on Add RoadMap Button,Select Create new roadmap and don't enter mandatory fields and click on Cancel button" library="Product_Roadmap_Support">
<status status="NOT RUN" starttime="20240312 12:33:24.811" endtime="20240312 12:33:24.811"/>
</kw>
<kw name="Then Then Click on Add RoadMap Button,Select Create new roadmap and enter mandatory fields and click on Save button" library="Product_Roadmap_Support">
<status status="NOT RUN" starttime="20240312 12:33:24.811" endtime="20240312 12:33:24.812"/>
</kw>
<kw name="Then Then Navigate to Roadmap" library="Product_Roadmap_Support">
<status status="NOT RUN" starttime="20240312 12:33:24.812" endtime="20240312 12:33:24.812"/>
</kw>
<kw name="Then click on Add Category button and don't enter mandatory fields and click on cancel button" library="Product_Roadmap_Support">
<status status="NOT RUN" starttime="20240312 12:33:24.812" endtime="20240312 12:33:24.812"/>
</kw>
<kw name="Then click on Add Category button and enter mandatory fields and click on Save button" library="Product_Roadmap_Support">
<status status="NOT RUN" starttime="20240312 12:33:24.812" endtime="20240312 12:33:24.812"/>
</kw>
<kw name="Then click on Add Milestone button,don't enter mandatory Fields and click on cancel button" library="Product_Roadmap_Support">
<status status="NOT RUN" starttime="20240312 12:33:24.812" endtime="20240312 12:33:24.812"/>
</kw>
<kw name="Then click on Add Milestone button,enter mandatory Fields and click on Save button" library="Product_Roadmap_Support">
<status status="NOT RUN" starttime="20240312 12:33:24.812" endtime="20240312 12:33:24.812"/>
</kw>
<kw name="Then click on daily dropdown and select Yearly,Quarter,Monthly,Weekly and Daily" library="Product_Roadmap_Support">
<status status="NOT RUN" starttime="20240312 12:33:24.812" endtime="20240312 12:33:24.812"/>
</kw>
<kw name="Then click on Milestone icon,don't enter mandatory fields and click on cancel button" library="Product_Roadmap_Support">
<status status="NOT RUN" starttime="20240312 12:33:24.812" endtime="20240312 12:33:24.812"/>
</kw>
<kw name="Then click on Milestone icon,enter mandatory fields and click on Save button" library="Product_Roadmap_Support">
<status status="NOT RUN" starttime="20240312 12:33:24.812" endtime="20240312 12:33:24.812"/>
</kw>
<kw name="Then click on add icon in the category Section and don't enter mandatory fields and click on Cancel button" library="Product_Roadmap_Support">
<status status="NOT RUN" starttime="20240312 12:33:24.812" endtime="20240312 12:33:24.812"/>
</kw>
<kw name="Then click on add icon in the category Section and enter mandatory fields and click on Save button" library="Product_Roadmap_Support">
<status status="NOT RUN" starttime="20240312 12:33:24.813" endtime="20240312 12:33:24.813"/>
</kw>
<kw name="Then click on Edit icon in category Section and don't enter mandatory fields and click on Cancel button" library="Product_Roadmap_Support">
<status status="NOT RUN" starttime="20240312 12:33:24.813" endtime="20240312 12:33:24.813"/>
</kw>
<kw name="Then click on Edit icon in category Section and enter mandatory fields and click on Save button" library="Product_Roadmap_Support">
<status status="NOT RUN" starttime="20240312 12:33:24.813" endtime="20240312 12:33:24.813"/>
</kw>
<kw name="Then click on Delete icon in category Section and click on Cancel button" library="Product_Roadmap_Support">
<status status="NOT RUN" starttime="20240312 12:33:24.813" endtime="20240312 12:33:24.813"/>
</kw>
<kw name="Then click on Delete icon in category Section and click on Confirm button" library="Product_Roadmap_Support">
<status status="NOT RUN" starttime="20240312 12:33:24.813" endtime="20240312 12:33:24.813"/>
</kw>
<kw name="Then click on back button in Roadmap" library="Product_Roadmap_Support">
<status status="NOT RUN" starttime="20240312 12:33:24.813" endtime="20240312 12:33:24.813"/>
</kw>
<kw name="Then Click on the Search bar and Search by invalid data in Roadmap" library="Product_Roadmap_Support">
<status status="NOT RUN" starttime="20240312 12:33:24.813" endtime="20240312 12:33:24.813"/>
</kw>
<kw name="Then Click on the Search bar and Search by which is created previously in Roadmap" library="Product_Roadmap_Support">
<status status="NOT RUN" starttime="20240312 12:33:24.813" endtime="20240312 12:33:24.813"/>
</kw>
<kw name="Then Click on Edit button,Edit Mandatory Fields and Click on Cancel Button in Roadmap" library="Product_Roadmap_Support">
<status status="NOT RUN" starttime="20240312 12:33:24.813" endtime="20240312 12:33:24.813"/>
</kw>
<kw name="Then Click on Edit button,Edit Mandatory Fields and Click on Save Button in Roadmap" library="Product_Roadmap_Support">
<status status="NOT RUN" starttime="20240312 12:33:24.813" endtime="20240312 12:33:24.813"/>
</kw>
<kw name="Then Click on Delete button in the More icon and Click on Cancel Button in Roadmap" library="Product_Roadmap_Support">
<status status="NOT RUN" starttime="20240312 12:33:24.813" endtime="20240312 12:33:24.813"/>
</kw>
<kw name="Then Click on Delete button in the More icon and Click on Confirm Button in Roadmap" library="Product_Roadmap_Support">
<status status="NOT RUN" starttime="20240312 12:33:24.813" endtime="20240312 12:33:24.813"/>
</kw>
<kw name="Then Delete Product,PPG and Portfolio which is created previously" library="Product_Roadmap_Support">
<status status="NOT RUN" starttime="20240312 12:33:24.813" endtime="20240312 12:33:24.813"/>
</kw>
<kw name="And Close the Browser" library="Product_Roadmap_Support">
<status status="NOT RUN" starttime="20240312 12:33:24.813" endtime="20240312 12:33:24.813"/>
</kw>
<doc>Create,Search,Edit and Delete PPG and Product/Platform</doc>
<tag>Name:Naresh</tag>
<tag>Product_Roadmap</tag>
<tag>Test</tag>
<status status="FAIL" starttime="20240312 12:33:08.857" endtime="20240312 12:33:24.814">No keyword with name 'Use Encryption Key' found.</status>
</test>
<doc>Create,edit,delete roadmap</doc>
<status status="FAIL" starttime="20240312 12:33:08.428" endtime="20240312 12:33:24.814"/>
</suite>
<status status="FAIL" starttime="20240312 12:33:08.426" endtime="20240312 12:33:24.815"/>
</suite>
<status status="FAIL" starttime="20240312 12:33:08.423" endtime="20240312 12:33:24.815"/>
</suite>
<status status="FAIL" starttime="20240312 12:33:08.404" endtime="20240312 12:33:24.815"/>
</suite>
<statistics>
<total>
<stat pass="0" fail="1" skip="0">All Tests</stat>
</total>
<tag>
<stat pass="0" fail="1" skip="0">Name:Naresh</stat>
<stat pass="0" fail="1" skip="0">Product_Roadmap</stat>
<stat pass="0" fail="1" skip="0">Test</stat>
</tag>
<suite>
<stat pass="0" fail="1" skip="0" id="s1" name="Productor">Productor</stat>
<stat pass="0" fail="1" skip="0" id="s1-s1" name="Testcase">Productor.Testcase</stat>
<stat pass="0" fail="1" skip="0" id="s1-s1-s1" name="Product Roadmap">Productor.Testcase.Product Roadmap</stat>
<stat pass="0" fail="1" skip="0" id="s1-s1-s1-s1" name="Product Roadmap">Productor.Testcase.Product Roadmap.Product Roadmap</stat>
</suite>
</statistics>
<errors>
<msg timestamp="20240312 12:33:08.402" level="ERROR">Taking listener 'RobotStackTracer' into use failed: Importing listener 'RobotStackTracer' failed: ModuleNotFoundError: No module named 'RobotStackTracer'
Traceback (most recent call last):
  None
PYTHONPATH:
  C:\Productor\.venv\Scripts\robot.exe
  C:\Users\crazy\AppData\Local\Programs\Python\Python310\python310.zip
  C:\Users\crazy\AppData\Local\Programs\Python\Python310\DLLs
  C:\Users\crazy\AppData\Local\Programs\Python\Python310\lib
  C:\Users\crazy\AppData\Local\Programs\Python\Python310
  C:\Productor\.venv
  C:\Productor\.venv\lib\site-packages</msg>
<msg timestamp="20240312 12:33:08.480" level="ERROR">Error in file 'C:\Productor\Resources\common_1.robot' on line 887: Creating keyword 'Navigate to PPG' failed: Keyword with same name defined multiple times.</msg>
<msg timestamp="20240312 12:33:08.815" level="ERROR">Error in file 'C:\Productor\Resources\Login.robot' on line 4: Importing library 'RPA.JSON' failed: ModuleNotFoundError: No module named 'RPA'
Traceback (most recent call last):
  None
PYTHONPATH:
  C:\Productor\.venv\Scripts\robot.exe
  C:\Users\crazy\AppData\Local\Programs\Python\Python310\python310.zip
  C:\Users\crazy\AppData\Local\Programs\Python\Python310\DLLs
  C:\Users\crazy\AppData\Local\Programs\Python\Python310\lib
  C:\Users\crazy\AppData\Local\Programs\Python\Python310
  C:\Productor\.venv
  C:\Productor\.venv\lib\site-packages</msg>
<msg timestamp="20240312 12:33:08.816" level="ERROR">Error in file 'C:\Productor\Resources\Login.robot' on line 5: Importing library 'RPA.Crypto' failed: ModuleNotFoundError: No module named 'RPA'
Traceback (most recent call last):
  None
PYTHONPATH:
  C:\Productor\.venv\Scripts\robot.exe
  C:\Users\crazy\AppData\Local\Programs\Python\Python310\python310.zip
  C:\Users\crazy\AppData\Local\Programs\Python\Python310\DLLs
  C:\Users\crazy\AppData\Local\Programs\Python\Python310\lib
  C:\Users\crazy\AppData\Local\Programs\Python\Python310
  C:\Productor\.venv
  C:\Productor\.venv\lib\site-packages</msg>
</errors>
</robot>
