<?xml version="1.0" encoding="UTF-8"?>
<robot generator="Robot 6.0.2 (Python 3.10.0 on win32)" generated="20240312 12:33:12.153" rpa="false" schemaversion="3">
<suite id="s1" name="Productor" source="C:\Productor">
<suite id="s1-s1" name="Testcase" source="C:\Productor\Testcase">
<suite id="s1-s1-s1" name="Product Squad Role" source="C:\Productor\Testcase\Product Squad Role">
<suite id="s1-s1-s1-s1" name="Product Squad Role" source="C:\Productor\Testcase\Product Squad Role\Product_Squad_Role.robot">
<test id="s1-s1-s1-s1-t1" name="Product Squad Role" line="8">
<kw name="Given Login into application" library="Product_Squad_Role_Support">
<arg>${username001}</arg>
<kw name="Verify an application should be opened" library="Product_Squad_Role_Support">
<arg>${username}</arg>
<kw name="Login Application" library="Login">
<arg>${username}</arg>
<doc>Using this keyword we can login Productor Application.</doc>
<kw name="Get File" library="OperatingSystem">
<var>${json_data}</var>
<arg>Data/password.json</arg>
<doc>Returns the contents of a specified file.</doc>
<msg timestamp="20240312 12:33:12.581" level="INFO" html="true">Getting file '&lt;a href="file://C:\Productor\Data\password.json"&gt;C:\Productor\Data\password.json&lt;/a&gt;'.</msg>
<msg timestamp="20240312 12:33:12.581" level="INFO">${json_data} = {
    "Tparthi@valuefactors.io": "gAAAAABlrkVsEdFMiMlTdK5zUdkIrh2gW0m7VKitqu1yc05zjvhEtgtLf1WAMAOHRJpwgI8mhU9rPO9To7wrVhBmzNtn6JJSqg==",
    "neeraj@codebyte.solutions": "gAAAAABlvf_wHd_s-rfaDVYJP09Sz...</msg>
<status status="PASS" starttime="20240312 12:33:12.581" endtime="20240312 12:33:12.581"/>
</kw>
<kw name="Evaluate" library="BuiltIn">
<var>${object}</var>
<arg>json.loads('''${json_data}''')</arg>
<arg>json</arg>
<doc>Evaluates the given expression in Python and returns the result.</doc>
<msg timestamp="20240312 12:33:12.581" level="INFO">${object} = {'Tparthi@valuefactors.io': 'gAAAAABlrkVsEdFMiMlTdK5zUdkIrh2gW0m7VKitqu1yc05zjvhEtgtLf1WAMAOHRJpwgI8mhU9rPO9To7wrVhBmzNtn6JJSqg==', 'neeraj@codebyte.solutions': 'gAAAAABlvf_wHd_s-rfaDVYJP09SzZmO4H8t5J...</msg>
<status status="PASS" starttime="20240312 12:33:12.581" endtime="20240312 12:33:12.581"/>
</kw>
<kw name="Set Variable" library="BuiltIn">
<var>${encry}</var>
<arg>${object['${username}']}</arg>
<doc>Returns the given values which can then be assigned to a variables.</doc>
<msg timestamp="20240312 12:33:12.585" level="INFO">${encry} = gAAAAABlrkVsEdFMiMlTdK5zUdkIrh2gW0m7VKitqu1yc05zjvhEtgtLf1WAMAOHRJpwgI8mhU9rPO9To7wrVhBmzNtn6JJSqg==</msg>
<status status="PASS" starttime="20240312 12:33:12.582" endtime="20240312 12:33:12.585"/>
</kw>
<kw name="Evaluate" library="BuiltIn">
<var>${options}</var>
<arg>sys.modules['selenium.webdriver'].EdgeOptions()</arg>
<arg>sys,selenium.webdriver</arg>
<doc>Evaluates the given expression in Python and returns the result.</doc>
<msg timestamp="20240312 12:33:12.586" level="INFO">${options} = &lt;selenium.webdriver.edge.options.Options object at 0x000001F319C711B0&gt;</msg>
<status status="PASS" starttime="20240312 12:33:12.586" endtime="20240312 12:33:12.586"/>
</kw>
<kw name="Call Method" library="BuiltIn">
<arg>${options}</arg>
<arg>add_argument</arg>
<arg>inprivate</arg>
<doc>Calls the named method of the given object with the provided arguments.</doc>
<status status="PASS" starttime="20240312 12:33:12.586" endtime="20240312 12:33:12.586"/>
</kw>
<kw name="Call Method" library="BuiltIn">
<arg>${options}</arg>
<arg>add_argument</arg>
<arg>--headless</arg>
<doc>Calls the named method of the given object with the provided arguments.</doc>
<status status="PASS" starttime="20240312 12:33:12.586" endtime="20240312 12:33:12.587"/>
</kw>
<kw name="Create Webdriver" library="SeleniumLibrary">
<var>${driver}</var>
<arg>Edge</arg>
<arg>options=${options}</arg>
<doc>Creates an instance of Selenium WebDriver.</doc>
<msg timestamp="20240312 12:33:12.587" level="INFO">Creating an instance of the Edge WebDriver.</msg>
<msg timestamp="20240312 12:33:12.593" level="INFO">Applicable driver not found; attempting to install with Selenium Manager (Beta)</msg>
<msg timestamp="20240312 12:33:15.936" level="INFO">${driver} = 1</msg>
<status status="PASS" starttime="20240312 12:33:12.587" endtime="20240312 12:33:15.936"/>
</kw>
<kw name="Set Window Size" library="SeleniumLibrary">
<arg>1920</arg>
<arg>1080</arg>
<doc>Sets current windows size to given ``width`` and ``height``.</doc>
<status status="PASS" starttime="20240312 12:33:15.936" endtime="20240312 12:33:16.069"/>
</kw>
<kw name="Go To" library="SeleniumLibrary">
<arg>${Productor_Url}</arg>
<doc>Navigates the current browser window to the provided ``url``.</doc>
<msg timestamp="20240312 12:33:16.070" level="INFO">Opening url 'https://predev-productor.valuefactors.io/auth/login/'</msg>
<status status="PASS" starttime="20240312 12:33:16.070" endtime="20240312 12:33:21.097"/>
</kw>
<kw name="Maximize Browser Window" library="SeleniumLibrary">
<doc>Maximizes current browser window.</doc>
<status status="PASS" starttime="20240312 12:33:21.097" endtime="20240312 12:33:21.211"/>
</kw>
<kw name="Set Selenium Speed" library="SeleniumLibrary">
<arg>700milliseconds</arg>
<doc>Sets the delay that is waited after each Selenium command.</doc>
<status status="PASS" starttime="20240312 12:33:21.211" endtime="20240312 12:33:21.212"/>
</kw>
<kw name="Wait Until Page Contains Element" library="SeleniumLibrary">
<arg>${Input_Username}</arg>
<arg>50</arg>
<doc>Waits until the element ``locator`` appears on the current page.</doc>
<status status="PASS" starttime="20240312 12:33:21.212" endtime="20240312 12:33:21.926"/>
</kw>
<kw name="Press Keys" library="SeleniumLibrary">
<arg>${Input_Username}</arg>
<arg>${username}</arg>
<doc>Simulates the user pressing key(s) to an element or on the active browser.</doc>
<msg timestamp="20240312 12:33:21.928" level="INFO">Sending key(s) ('Tparthi@valuefactors.io',) to //input[@id="auth-email-id"] element.</msg>
<msg timestamp="20240312 12:33:23.640" level="INFO">Sending keys Tparthi@valuefactors.io</msg>
<status status="PASS" starttime="20240312 12:33:21.926" endtime="20240312 12:33:24.481"/>
</kw>
<kw name="Use Encryption Key">
<arg>${public_key}</arg>
<msg timestamp="20240312 12:33:24.486" level="FAIL">No keyword with name 'Use Encryption Key' found.</msg>
<status status="FAIL" starttime="20240312 12:33:24.486" endtime="20240312 12:33:24.486"/>
</kw>
<kw name="Decrypt String">
<var>${Decry}</var>
<arg>${encry}</arg>
<status status="NOT RUN" starttime="20240312 12:33:24.489" endtime="20240312 12:33:24.489"/>
</kw>
<kw name="Log" library="BuiltIn">
<arg>${Decry}</arg>
<doc>Logs the given message with the given level.</doc>
<status status="NOT RUN" starttime="20240312 12:33:24.489" endtime="20240312 12:33:24.490"/>
</kw>
<kw name="Press Keys" library="SeleniumLibrary">
<arg>${Input_Password}</arg>
<arg>${Decry}</arg>
<doc>Simulates the user pressing key(s) to an element or on the active browser.</doc>
<status status="NOT RUN" starttime="20240312 12:33:24.491" endtime="20240312 12:33:24.491"/>
</kw>
<kw name="Wait Until Element is present then click the element" library="common_1">
<arg>${BTN_Login}</arg>
<doc>Using this keyword we can perform click Element</doc>
<status status="NOT RUN" starttime="20240312 12:33:24.491" endtime="20240312 12:33:24.491"/>
</kw>
<status status="FAIL" starttime="20240312 12:33:12.580" endtime="20240312 12:33:24.491"/>
</kw>
<status status="FAIL" starttime="20240312 12:33:12.580" endtime="20240312 12:33:24.491"/>
</kw>
<status status="FAIL" starttime="20240312 12:33:12.573" endtime="20240312 12:33:24.491"/>
</kw>
<kw name="Then Click on System Settings Icon and Click on Product Squad Role Tab" library="Product_Squad_Role_Support">
<status status="NOT RUN" starttime="20240312 12:33:24.491" endtime="20240312 12:33:24.491"/>
</kw>
<kw name="Then Click on Add Role button, Don't enter Mandatory fields and Click on cancel button" library="Product_Squad_Role_Support">
<status status="NOT RUN" starttime="20240312 12:33:24.491" endtime="20240312 12:33:24.491"/>
</kw>
<kw name="Then Click on Add Role button, Enter Mandatory fields and click on save button" library="Product_Squad_Role_Support">
<status status="NOT RUN" starttime="20240312 12:33:24.491" endtime="20240312 12:33:24.491"/>
</kw>
<kw name="Then Click on the Search bar and Enter Invalid product Squad Role name" library="Product_Squad_Role_Support">
<status status="NOT RUN" starttime="20240312 12:33:24.491" endtime="20240312 12:33:24.491"/>
</kw>
<kw name="Then Click on the Search bar and Enter Valid Product Squad role name" library="Product_Squad_Role_Support">
<status status="NOT RUN" starttime="20240312 12:33:24.491" endtime="20240312 12:33:24.491"/>
</kw>
<kw name="Then Click on Edit button in Kebab button,Enter the data and Click on Cancel button" library="Product_Squad_Role_Support">
<status status="NOT RUN" starttime="20240312 12:33:24.491" endtime="20240312 12:33:24.491"/>
</kw>
<kw name="Then Click on Edit button in Kebab button, Enter the data and Click on Save button" library="Product_Squad_Role_Support">
<status status="NOT RUN" starttime="20240312 12:33:24.491" endtime="20240312 12:33:24.491"/>
</kw>
<kw name="Then Click on Delete Button in Kebab button and Click on Cancel Button" library="Product_Squad_Role_Support">
<status status="NOT RUN" starttime="20240312 12:33:24.491" endtime="20240312 12:33:24.491"/>
</kw>
<kw name="Then Click on Delete Button in Kebab button and Click on Save Button" library="Product_Squad_Role_Support">
<status status="NOT RUN" starttime="20240312 12:33:24.492" endtime="20240312 12:33:24.492"/>
</kw>
<kw name="And Close the Browser" library="Product_Squad_Role_Support">
<status status="NOT RUN" starttime="20240312 12:33:24.492" endtime="20240312 12:33:24.492"/>
</kw>
<doc>Product Squad Role Create,Search,Edit and Delete</doc>
<tag>Name:Amritha</tag>
<tag>Product_Squad_Role</tag>
<tag>Test</tag>
<status status="FAIL" starttime="20240312 12:33:12.572" endtime="20240312 12:33:24.492">No keyword with name 'Use Encryption Key' found.</status>
</test>
<doc>Create,Search,Edit and Delete Product Sqad Role</doc>
<status status="FAIL" starttime="20240312 12:33:12.179" endtime="20240312 12:33:24.492"/>
</suite>
<status status="FAIL" starttime="20240312 12:33:12.178" endtime="20240312 12:33:24.493"/>
</suite>
<status status="FAIL" starttime="20240312 12:33:12.176" endtime="20240312 12:33:24.493"/>
</suite>
<status status="FAIL" starttime="20240312 12:33:12.156" endtime="20240312 12:33:24.493"/>
</suite>
<statistics>
<total>
<stat pass="0" fail="1" skip="0">All Tests</stat>
</total>
<tag>
<stat pass="0" fail="1" skip="0">Name:Amritha</stat>
<stat pass="0" fail="1" skip="0">Product_Squad_Role</stat>
<stat pass="0" fail="1" skip="0">Test</stat>
</tag>
<suite>
<stat pass="0" fail="1" skip="0" id="s1" name="Productor">Productor</stat>
<stat pass="0" fail="1" skip="0" id="s1-s1" name="Testcase">Productor.Testcase</stat>
<stat pass="0" fail="1" skip="0" id="s1-s1-s1" name="Product Squad Role">Productor.Testcase.Product Squad Role</stat>
<stat pass="0" fail="1" skip="0" id="s1-s1-s1-s1" name="Product Squad Role">Productor.Testcase.Product Squad Role.Product Squad Role</stat>
</suite>
</statistics>
<errors>
<msg timestamp="20240312 12:33:12.154" level="ERROR">Taking listener 'RobotStackTracer' into use failed: Importing listener 'RobotStackTracer' failed: ModuleNotFoundError: No module named 'RobotStackTracer'
Traceback (most recent call last):
  None
PYTHONPATH:
  C:\Productor\.venv\Scripts\robot.exe
  C:\Users\crazy\AppData\Local\Programs\Python\Python310\python310.zip
  C:\Users\crazy\AppData\Local\Programs\Python\Python310\DLLs
  C:\Users\crazy\AppData\Local\Programs\Python\Python310\lib
  C:\Users\crazy\AppData\Local\Programs\Python\Python310
  C:\Productor\.venv
  C:\Productor\.venv\lib\site-packages</msg>
<msg timestamp="20240312 12:33:12.214" level="ERROR">Error in file 'C:\Productor\Resources\common_1.robot' on line 887: Creating keyword 'Navigate to PPG' failed: Keyword with same name defined multiple times.</msg>
<msg timestamp="20240312 12:33:12.522" level="ERROR">Error in file 'C:\Productor\Resources\Login.robot' on line 4: Importing library 'RPA.JSON' failed: ModuleNotFoundError: No module named 'RPA'
Traceback (most recent call last):
  None
PYTHONPATH:
  C:\Productor\.venv\Scripts\robot.exe
  C:\Users\crazy\AppData\Local\Programs\Python\Python310\python310.zip
  C:\Users\crazy\AppData\Local\Programs\Python\Python310\DLLs
  C:\Users\crazy\AppData\Local\Programs\Python\Python310\lib
  C:\Users\crazy\AppData\Local\Programs\Python\Python310
  C:\Productor\.venv
  C:\Productor\.venv\lib\site-packages</msg>
<msg timestamp="20240312 12:33:12.525" level="ERROR">Error in file 'C:\Productor\Resources\Login.robot' on line 5: Importing library 'RPA.Crypto' failed: ModuleNotFoundError: No module named 'RPA'
Traceback (most recent call last):
  None
PYTHONPATH:
  C:\Productor\.venv\Scripts\robot.exe
  C:\Users\crazy\AppData\Local\Programs\Python\Python310\python310.zip
  C:\Users\crazy\AppData\Local\Programs\Python\Python310\DLLs
  C:\Users\crazy\AppData\Local\Programs\Python\Python310\lib
  C:\Users\crazy\AppData\Local\Programs\Python\Python310
  C:\Productor\.venv
  C:\Productor\.venv\lib\site-packages</msg>
</errors>
</robot>
