<?xml version="1.0" encoding="UTF-8"?>
<robot generator="Robot 6.0.2 (Python 3.10.0 on win32)" generated="20240312 12:33:00.198" rpa="false" schemaversion="3">
<suite id="s1" name="Productor" source="C:\Productor">
<suite id="s1-s1" name="Testcase" source="C:\Productor\Testcase">
<suite id="s1-s1-s1" name="Product Platform OKR Squad" source="C:\Productor\Testcase\Product Platform OKR Squad">
<suite id="s1-s1-s1-s1" name="Product Platform OKR Squad" source="C:\Productor\Testcase\Product Platform OKR Squad\Product_Platform_OKR_Squad.robot">
<test id="s1-s1-s1-s1-t1" name="Product / platform OKR and Squad" line="8">
<kw name="Given Login into Productor Application" library="Product_Platform_OKR_Squad_Support">
<arg>${username001}</arg>
<kw name="Verify if user should be able to login successfully" library="Product_Platform_OKR_Squad_Support">
<arg>${username}</arg>
<kw name="Login Application" library="Login">
<arg>${username}</arg>
<doc>Using this keyword we can login Productor Application.</doc>
<kw name="Get File" library="OperatingSystem">
<var>${json_data}</var>
<arg>Data/password.json</arg>
<doc>Returns the contents of a specified file.</doc>
<msg timestamp="20240312 12:33:00.677" level="INFO" html="true">Getting file '&lt;a href="file://C:\Productor\Data\password.json"&gt;C:\Productor\Data\password.json&lt;/a&gt;'.</msg>
<msg timestamp="20240312 12:33:00.677" level="INFO">${json_data} = {
    "Tparthi@valuefactors.io": "gAAAAABlrkVsEdFMiMlTdK5zUdkIrh2gW0m7VKitqu1yc05zjvhEtgtLf1WAMAOHRJpwgI8mhU9rPO9To7wrVhBmzNtn6JJSqg==",
    "neeraj@codebyte.solutions": "gAAAAABlvf_wHd_s-rfaDVYJP09Sz...</msg>
<status status="PASS" starttime="20240312 12:33:00.677" endtime="20240312 12:33:00.677"/>
</kw>
<kw name="Evaluate" library="BuiltIn">
<var>${object}</var>
<arg>json.loads('''${json_data}''')</arg>
<arg>json</arg>
<doc>Evaluates the given expression in Python and returns the result.</doc>
<msg timestamp="20240312 12:33:00.678" level="INFO">${object} = {'Tparthi@valuefactors.io': 'gAAAAABlrkVsEdFMiMlTdK5zUdkIrh2gW0m7VKitqu1yc05zjvhEtgtLf1WAMAOHRJpwgI8mhU9rPO9To7wrVhBmzNtn6JJSqg==', 'neeraj@codebyte.solutions': 'gAAAAABlvf_wHd_s-rfaDVYJP09SzZmO4H8t5J...</msg>
<status status="PASS" starttime="20240312 12:33:00.677" endtime="20240312 12:33:00.678"/>
</kw>
<kw name="Set Variable" library="BuiltIn">
<var>${encry}</var>
<arg>${object['${username}']}</arg>
<doc>Returns the given values which can then be assigned to a variables.</doc>
<msg timestamp="20240312 12:33:00.684" level="INFO">${encry} = gAAAAABlrkVsEdFMiMlTdK5zUdkIrh2gW0m7VKitqu1yc05zjvhEtgtLf1WAMAOHRJpwgI8mhU9rPO9To7wrVhBmzNtn6JJSqg==</msg>
<status status="PASS" starttime="20240312 12:33:00.678" endtime="20240312 12:33:00.684"/>
</kw>
<kw name="Evaluate" library="BuiltIn">
<var>${options}</var>
<arg>sys.modules['selenium.webdriver'].EdgeOptions()</arg>
<arg>sys,selenium.webdriver</arg>
<doc>Evaluates the given expression in Python and returns the result.</doc>
<msg timestamp="20240312 12:33:00.685" level="INFO">${options} = &lt;selenium.webdriver.edge.options.Options object at 0x00000264077020E0&gt;</msg>
<status status="PASS" starttime="20240312 12:33:00.684" endtime="20240312 12:33:00.685"/>
</kw>
<kw name="Call Method" library="BuiltIn">
<arg>${options}</arg>
<arg>add_argument</arg>
<arg>inprivate</arg>
<doc>Calls the named method of the given object with the provided arguments.</doc>
<status status="PASS" starttime="20240312 12:33:00.685" endtime="20240312 12:33:00.685"/>
</kw>
<kw name="Call Method" library="BuiltIn">
<arg>${options}</arg>
<arg>add_argument</arg>
<arg>--headless</arg>
<doc>Calls the named method of the given object with the provided arguments.</doc>
<status status="PASS" starttime="20240312 12:33:00.685" endtime="20240312 12:33:00.685"/>
</kw>
<kw name="Create Webdriver" library="SeleniumLibrary">
<var>${driver}</var>
<arg>Edge</arg>
<arg>options=${options}</arg>
<doc>Creates an instance of Selenium WebDriver.</doc>
<msg timestamp="20240312 12:33:00.686" level="INFO">Creating an instance of the Edge WebDriver.</msg>
<msg timestamp="20240312 12:33:00.694" level="INFO">Applicable driver not found; attempting to install with Selenium Manager (Beta)</msg>
<msg timestamp="20240312 12:33:04.004" level="INFO">${driver} = 1</msg>
<status status="PASS" starttime="20240312 12:33:00.686" endtime="20240312 12:33:04.004"/>
</kw>
<kw name="Set Window Size" library="SeleniumLibrary">
<arg>1920</arg>
<arg>1080</arg>
<doc>Sets current windows size to given ``width`` and ``height``.</doc>
<status status="PASS" starttime="20240312 12:33:04.004" endtime="20240312 12:33:04.122"/>
</kw>
<kw name="Go To" library="SeleniumLibrary">
<arg>${Productor_Url}</arg>
<doc>Navigates the current browser window to the provided ``url``.</doc>
<msg timestamp="20240312 12:33:04.124" level="INFO">Opening url 'https://predev-productor.valuefactors.io/auth/login/'</msg>
<status status="PASS" starttime="20240312 12:33:04.124" endtime="20240312 12:33:16.179"/>
</kw>
<kw name="Maximize Browser Window" library="SeleniumLibrary">
<doc>Maximizes current browser window.</doc>
<status status="PASS" starttime="20240312 12:33:16.179" endtime="20240312 12:33:16.293"/>
</kw>
<kw name="Set Selenium Speed" library="SeleniumLibrary">
<arg>700milliseconds</arg>
<doc>Sets the delay that is waited after each Selenium command.</doc>
<status status="PASS" starttime="20240312 12:33:16.293" endtime="20240312 12:33:16.293"/>
</kw>
<kw name="Wait Until Page Contains Element" library="SeleniumLibrary">
<arg>${Input_Username}</arg>
<arg>50</arg>
<doc>Waits until the element ``locator`` appears on the current page.</doc>
<status status="PASS" starttime="20240312 12:33:16.294" endtime="20240312 12:33:17.015"/>
</kw>
<kw name="Press Keys" library="SeleniumLibrary">
<arg>${Input_Username}</arg>
<arg>${username}</arg>
<doc>Simulates the user pressing key(s) to an element or on the active browser.</doc>
<msg timestamp="20240312 12:33:17.017" level="INFO">Sending key(s) ('Tparthi@valuefactors.io',) to //input[@id="auth-email-id"] element.</msg>
<msg timestamp="20240312 12:33:18.793" level="INFO">Sending keys Tparthi@valuefactors.io</msg>
<status status="PASS" starttime="20240312 12:33:17.015" endtime="20240312 12:33:19.689"/>
</kw>
<kw name="Use Encryption Key">
<arg>${public_key}</arg>
<msg timestamp="20240312 12:33:19.696" level="FAIL">No keyword with name 'Use Encryption Key' found.</msg>
<status status="FAIL" starttime="20240312 12:33:19.696" endtime="20240312 12:33:19.696"/>
</kw>
<kw name="Decrypt String">
<var>${Decry}</var>
<arg>${encry}</arg>
<status status="NOT RUN" starttime="20240312 12:33:19.701" endtime="20240312 12:33:19.701"/>
</kw>
<kw name="Log" library="BuiltIn">
<arg>${Decry}</arg>
<doc>Logs the given message with the given level.</doc>
<status status="NOT RUN" starttime="20240312 12:33:19.701" endtime="20240312 12:33:19.701"/>
</kw>
<kw name="Press Keys" library="SeleniumLibrary">
<arg>${Input_Password}</arg>
<arg>${Decry}</arg>
<doc>Simulates the user pressing key(s) to an element or on the active browser.</doc>
<status status="NOT RUN" starttime="20240312 12:33:19.701" endtime="20240312 12:33:19.701"/>
</kw>
<kw name="Wait Until Element is present then click the element" library="common_1">
<arg>${BTN_Login}</arg>
<doc>Using this keyword we can perform click Element</doc>
<status status="NOT RUN" starttime="20240312 12:33:19.701" endtime="20240312 12:33:19.701"/>
</kw>
<status status="FAIL" starttime="20240312 12:33:00.676" endtime="20240312 12:33:19.701"/>
</kw>
<status status="FAIL" starttime="20240312 12:33:00.676" endtime="20240312 12:33:19.701"/>
</kw>
<status status="FAIL" starttime="20240312 12:33:00.675" endtime="20240312 12:33:19.702"/>
</kw>
<kw name="When navigate to portfolio and click on ppg menu and navigate to ppg" library="Product_Platform_OKR_Squad_Support">
<status status="NOT RUN" starttime="20240312 12:33:19.702" endtime="20240312 12:33:19.702"/>
</kw>
<kw name="Then navigate to platform and click on OKR tab" library="Product_Platform_OKR_Squad_Support">
<status status="NOT RUN" starttime="20240312 12:33:19.702" endtime="20240312 12:33:19.702"/>
</kw>
<kw name="Then Click on add OKRs button and enter mandatory fields and click on cancel button" library="Product_Platform_OKR_Squad_Support">
<status status="NOT RUN" starttime="20240312 12:33:19.702" endtime="20240312 12:33:19.702"/>
</kw>
<kw name="Then Click on Add OKRs button and enter mandatory fields and click on save button" library="Product_Platform_OKR_Squad_Support">
<status status="NOT RUN" starttime="20240312 12:33:19.702" endtime="20240312 12:33:19.702"/>
</kw>
<kw name="Then click on search and enter invalid OKR" library="Product_Platform_OKR_Squad_Support">
<status status="NOT RUN" starttime="20240312 12:33:19.702" endtime="20240312 12:33:19.702"/>
</kw>
<kw name="Then click on search and enter valid OKR" library="Product_Platform_OKR_Squad_Support">
<status status="NOT RUN" starttime="20240312 12:33:19.702" endtime="20240312 12:33:19.702"/>
</kw>
<kw name="Then Click on Add Result button in OKR and enter the mandatory fields and cancel button" library="Product_Platform_OKR_Squad_Support">
<status status="NOT RUN" starttime="20240312 12:33:19.702" endtime="20240312 12:33:19.702"/>
</kw>
<kw name="Then Click on Add Result button in OKR and enter the mandatory fields and save button" library="Product_Platform_OKR_Squad_Support">
<status status="NOT RUN" starttime="20240312 12:33:19.702" endtime="20240312 12:33:19.702"/>
</kw>
<kw name="Then navigate to OKR-key Result page" library="Product_Platform_OKR_Squad_Support">
<status status="NOT RUN" starttime="20240312 12:33:19.702" endtime="20240312 12:33:19.702"/>
</kw>
<kw name="Then click on More icon and click on edit button in Key result and modify data and click on Cancel button" library="Product_Platform_OKR_Squad_Support">
<status status="NOT RUN" starttime="20240312 12:33:19.702" endtime="20240312 12:33:19.702"/>
</kw>
<kw name="Then click on More icon and click on edit button in Key result and modify data and click on Save button" library="Product_Platform_OKR_Squad_Support">
<status status="NOT RUN" starttime="20240312 12:33:19.702" endtime="20240312 12:33:19.702"/>
</kw>
<kw name="Then Navigate to key result page and should display edit button" library="Product_Platform_OKR_Squad_Support">
<status status="NOT RUN" starttime="20240312 12:33:19.702" endtime="20240312 12:33:19.702"/>
</kw>
<kw name="Then click on more button and click on delete button and click on cancel button" library="Product_Platform_OKR_Squad_Support">
<status status="NOT RUN" starttime="20240312 12:33:19.702" endtime="20240312 12:33:19.702"/>
</kw>
<kw name="Then click on more button and click on delete button and click on confirm button" library="Product_Platform_OKR_Squad_Support">
<status status="NOT RUN" starttime="20240312 12:33:19.702" endtime="20240312 12:33:19.702"/>
</kw>
<kw name="Then click on more icon and click on Edit button , change the data and cancel button" library="Product_Platform_OKR_Squad_Support">
<status status="NOT RUN" starttime="20240312 12:33:19.703" endtime="20240312 12:33:19.703"/>
</kw>
<kw name="Then Click on more icon and click on Edit button , change the data and Save button" library="Product_Platform_OKR_Squad_Support">
<status status="NOT RUN" starttime="20240312 12:33:19.703" endtime="20240312 12:33:19.703"/>
</kw>
<kw name="Then Click on more icon and Click on delete button and click on cancel button" library="Product_Platform_OKR_Squad_Support">
<status status="NOT RUN" starttime="20240312 12:33:19.703" endtime="20240312 12:33:19.703"/>
</kw>
<kw name="Then Click on more icon , click on delete button and click on Save button" library="Product_Platform_OKR_Squad_Support">
<status status="NOT RUN" starttime="20240312 12:33:19.703" endtime="20240312 12:33:19.703"/>
</kw>
<kw name="Then click on ppg menu and navigate to ppg name" library="Product_Platform_OKR_Squad_Support">
<status status="NOT RUN" starttime="20240312 12:33:19.703" endtime="20240312 12:33:19.703"/>
</kw>
<kw name="Then Navigate to product , click on squad tab" library="Product_Platform_OKR_Squad_Support">
<status status="NOT RUN" starttime="20240312 12:33:19.703" endtime="20240312 12:33:19.703"/>
</kw>
<kw name="Then click on Add squad button and enter mandatory fields in step 1, click on next button, add squad member, click on back button and click on cancel button" library="Product_Platform_OKR_Squad_Support">
<status status="NOT RUN" starttime="20240312 12:33:19.703" endtime="20240312 12:33:19.703"/>
</kw>
<kw name="Then Click on Add squad button and enter mandatory fields in step1 , click on next button , add squad member and click on save button" library="Product_Platform_OKR_Squad_Support">
<status status="NOT RUN" starttime="20240312 12:33:19.703" endtime="20240312 12:33:19.703"/>
</kw>
<kw name="Then Navigate to created product squad and view squad member" library="Product_Platform_OKR_Squad_Support">
<status status="NOT RUN" starttime="20240312 12:33:19.703" endtime="20240312 12:33:19.703"/>
</kw>
<kw name="Then Click on search and enter invalid squad member" library="Product_Platform_OKR_Squad_Support">
<status status="NOT RUN" starttime="20240312 12:33:19.703" endtime="20240312 12:33:19.703"/>
</kw>
<kw name="Then Click on search and enter valid squad member" library="Product_Platform_OKR_Squad_Support">
<status status="NOT RUN" starttime="20240312 12:33:19.703" endtime="20240312 12:33:19.703"/>
</kw>
<kw name="Then Click on edit button ,Enter mandatory fields and click on cancel button in squad member" library="Product_Platform_OKR_Squad_Support">
<status status="NOT RUN" starttime="20240312 12:33:19.703" endtime="20240312 12:33:19.703"/>
</kw>
<kw name="Then Click on edit button , Enter mandatory fields and click on save button in squad member" library="Product_Platform_OKR_Squad_Support">
<status status="NOT RUN" starttime="20240312 12:33:19.703" endtime="20240312 12:33:19.703"/>
</kw>
<kw name="Then navigate to product squad" library="Product_Platform_OKR_Squad_Support">
<status status="NOT RUN" starttime="20240312 12:33:19.703" endtime="20240312 12:33:19.703"/>
</kw>
<kw name="Then Click on search and enter invalid squad" library="Product_Platform_OKR_Squad_Support">
<status status="NOT RUN" starttime="20240312 12:33:19.703" endtime="20240312 12:33:19.703"/>
</kw>
<kw name="Then Click on search and enter valid squad" library="Product_Platform_OKR_Squad_Support">
<status status="NOT RUN" starttime="20240312 12:33:19.703" endtime="20240312 12:33:19.703"/>
</kw>
<kw name="Then Click on edit button ,Enter mandatory fields and click on cancel button in squad product" library="Product_Platform_OKR_Squad_Support">
<status status="NOT RUN" starttime="20240312 12:33:19.703" endtime="20240312 12:33:19.703"/>
</kw>
<kw name="Then Click on edit button , Enter mandatory fields and click on save button in squad product" library="Product_Platform_OKR_Squad_Support">
<status status="NOT RUN" starttime="20240312 12:33:19.703" endtime="20240312 12:33:19.703"/>
</kw>
<kw name="Then Click on product member tab" library="Product_Platform_OKR_Squad_Support">
<status status="NOT RUN" starttime="20240312 12:33:19.704" endtime="20240312 12:33:19.704"/>
</kw>
<kw name="Then Click on Add member button, enter member and Click on cancel button" library="Product_Platform_OKR_Squad_Support">
<status status="NOT RUN" starttime="20240312 12:33:19.704" endtime="20240312 12:33:19.704"/>
</kw>
<kw name="Then Click on Add member button , enter member and Click on Save button" library="Product_Platform_OKR_Squad_Support">
<status status="NOT RUN" starttime="20240312 12:33:19.704" endtime="20240312 12:33:19.704"/>
</kw>
<kw name="Then Click on search and enter invalid member in product member" library="Product_Platform_OKR_Squad_Support">
<status status="NOT RUN" starttime="20240312 12:33:19.704" endtime="20240312 12:33:19.704"/>
</kw>
<kw name="Then Click on Search and enter valid member in product member" library="Product_Platform_OKR_Squad_Support">
<status status="NOT RUN" starttime="20240312 12:33:19.704" endtime="20240312 12:33:19.704"/>
</kw>
<kw name="Then Click on edit button , enter mandatory fields and click on cancel button in product member" library="Product_Platform_OKR_Squad_Support">
<status status="NOT RUN" starttime="20240312 12:33:19.704" endtime="20240312 12:33:19.704"/>
</kw>
<kw name="Then Click on edit button , enter mandatory fields and click on Save button in product member" library="Product_Platform_OKR_Squad_Support">
<status status="NOT RUN" starttime="20240312 12:33:19.704" endtime="20240312 12:33:19.704"/>
</kw>
<kw name="Then Click on delete button and click on cancel button in product member" library="Product_Platform_OKR_Squad_Support">
<status status="NOT RUN" starttime="20240312 12:33:19.704" endtime="20240312 12:33:19.704"/>
</kw>
<kw name="Then Click on delete button and click on confirm button in product member" library="Product_Platform_OKR_Squad_Support">
<status status="NOT RUN" starttime="20240312 12:33:19.704" endtime="20240312 12:33:19.704"/>
</kw>
<kw name="Then navigate to product squad tab" library="Product_Platform_OKR_Squad_Support">
<status status="NOT RUN" starttime="20240312 12:33:19.704" endtime="20240312 12:33:19.704"/>
</kw>
<kw name="Then Click on delete button and click on cancel button in product squad" library="Product_Platform_OKR_Squad_Support">
<status status="NOT RUN" starttime="20240312 12:33:19.704" endtime="20240312 12:33:19.704"/>
</kw>
<kw name="Then Click on delete button and click on Confirm button in product squad" library="Product_Platform_OKR_Squad_Support">
<status status="NOT RUN" starttime="20240312 12:33:19.704" endtime="20240312 12:33:19.704"/>
</kw>
<tag>Name:Gayathri</tag>
<tag>Product_Platform_OKR_Squad</tag>
<tag>Test</tag>
<status status="FAIL" starttime="20240312 12:33:00.674" endtime="20240312 12:33:19.705">No keyword with name 'Use Encryption Key' found.</status>
</test>
<doc>Product/platform OKR and squad</doc>
<status status="FAIL" starttime="20240312 12:33:00.226" endtime="20240312 12:33:19.705"/>
</suite>
<status status="FAIL" starttime="20240312 12:33:00.223" endtime="20240312 12:33:19.707"/>
</suite>
<status status="FAIL" starttime="20240312 12:33:00.222" endtime="20240312 12:33:19.707"/>
</suite>
<status status="FAIL" starttime="20240312 12:33:00.202" endtime="20240312 12:33:19.708"/>
</suite>
<statistics>
<total>
<stat pass="0" fail="1" skip="0">All Tests</stat>
</total>
<tag>
<stat pass="0" fail="1" skip="0">Name:Gayathri</stat>
<stat pass="0" fail="1" skip="0">Product_Platform_OKR_Squad</stat>
<stat pass="0" fail="1" skip="0">Test</stat>
</tag>
<suite>
<stat pass="0" fail="1" skip="0" id="s1" name="Productor">Productor</stat>
<stat pass="0" fail="1" skip="0" id="s1-s1" name="Testcase">Productor.Testcase</stat>
<stat pass="0" fail="1" skip="0" id="s1-s1-s1" name="Product Platform OKR Squad">Productor.Testcase.Product Platform OKR Squad</stat>
<stat pass="0" fail="1" skip="0" id="s1-s1-s1-s1" name="Product Platform OKR Squad">Productor.Testcase.Product Platform OKR Squad.Product Platform OKR Squad</stat>
</suite>
</statistics>
<errors>
<msg timestamp="20240312 12:33:00.200" level="ERROR">Taking listener 'RobotStackTracer' into use failed: Importing listener 'RobotStackTracer' failed: ModuleNotFoundError: No module named 'RobotStackTracer'
Traceback (most recent call last):
  None
PYTHONPATH:
  C:\Productor\.venv\Scripts\robot.exe
  C:\Users\crazy\AppData\Local\Programs\Python\Python310\python310.zip
  C:\Users\crazy\AppData\Local\Programs\Python\Python310\DLLs
  C:\Users\crazy\AppData\Local\Programs\Python\Python310\lib
  C:\Users\crazy\AppData\Local\Programs\Python\Python310
  C:\Productor\.venv
  C:\Productor\.venv\lib\site-packages</msg>
<msg timestamp="20240312 12:33:00.318" level="ERROR">Error in file 'C:\Productor\Resources\common_1.robot' on line 887: Creating keyword 'Navigate to PPG' failed: Keyword with same name defined multiple times.</msg>
<msg timestamp="20240312 12:33:00.631" level="ERROR">Error in file 'C:\Productor\Resources\Login.robot' on line 4: Importing library 'RPA.JSON' failed: ModuleNotFoundError: No module named 'RPA'
Traceback (most recent call last):
  None
PYTHONPATH:
  C:\Productor\.venv\Scripts\robot.exe
  C:\Users\crazy\AppData\Local\Programs\Python\Python310\python310.zip
  C:\Users\crazy\AppData\Local\Programs\Python\Python310\DLLs
  C:\Users\crazy\AppData\Local\Programs\Python\Python310\lib
  C:\Users\crazy\AppData\Local\Programs\Python\Python310
  C:\Productor\.venv
  C:\Productor\.venv\lib\site-packages</msg>
<msg timestamp="20240312 12:33:00.632" level="ERROR">Error in file 'C:\Productor\Resources\Login.robot' on line 5: Importing library 'RPA.Crypto' failed: ModuleNotFoundError: No module named 'RPA'
Traceback (most recent call last):
  None
PYTHONPATH:
  C:\Productor\.venv\Scripts\robot.exe
  C:\Users\crazy\AppData\Local\Programs\Python\Python310\python310.zip
  C:\Users\crazy\AppData\Local\Programs\Python\Python310\DLLs
  C:\Users\crazy\AppData\Local\Programs\Python\Python310\lib
  C:\Users\crazy\AppData\Local\Programs\Python\Python310
  C:\Productor\.venv
  C:\Productor\.venv\lib\site-packages</msg>
</errors>
</robot>
